<?xml version="1.0" encoding="UTF-8"?>
<testng-results ignored="0" total="1" passed="1" failed="0" skipped="0">
  <reporter-output>
  </reporter-output>
  <suite started-at="2023-01-05T12:18:44Z" name="Default suite" finished-at="2023-01-05T12:19:09Z" duration-ms="24838">
    <groups>
    </groups>
    <test started-at="2023-01-05T12:18:44Z" name="Default test" finished-at="2023-01-05T12:19:09Z" duration-ms="24838">
      <class name="pravinParab.ExtentReports.ExtentReportsDemo">
        <test-method is-config="true" signature="config()[pri:0, instance:pravinParab.ExtentReports.ExtentReportsDemo@51133c06]" started-at="2023-01-05T12:18:44Z" name="config" finished-at="2023-01-05T12:18:45Z" duration-ms="371" status="PASS">
          <reporter-output>
          </reporter-output>
        </test-method> <!-- config -->
        <test-method signature="initialDemo()[pri:0, instance:pravinParab.ExtentReports.ExtentReportsDemo@51133c06]" started-at="2023-01-05T12:18:45Z" name="initialDemo" finished-at="2023-01-05T12:19:09Z" duration-ms="24446" status="PASS">
          <reporter-output>
          </reporter-output>
        </test-method> <!-- initialDemo -->
      </class> <!-- pravinParab.ExtentReports.ExtentReportsDemo -->
    </test> <!-- Default test -->
  </suite> <!-- Default suite -->
</testng-results>
